0 info it worked if it ends with ok
1 verbose cli [ 'C:\\Program Files\\nodejs\\node.exe',
1 verbose cli   'C:\\Program Files\\nodejs\\node_modules\\npm\\bin\\npm-cli.js',
1 verbose cli   'install',
1 verbose cli   'bcrypt' ]
2 info using npm@2.14.20
3 info using node@v4.4.0
4 verbose install initial load of C:\Users\Shailin\workspace\Twitter\package.json
5 verbose installManyTop reading scoped package data from C:\Users\Shailin\workspace\Twitter\node_modules\angular\package.json
6 verbose installManyTop reading scoped package data from C:\Users\Shailin\workspace\Twitter\node_modules\client-sessions\package.json
7 verbose installManyTop reading scoped package data from C:\Users\Shailin\workspace\Twitter\node_modules\ejs\package.json
8 verbose installManyTop reading scoped package data from C:\Users\Shailin\workspace\Twitter\node_modules\express\package.json
9 verbose installManyTop reading scoped package data from C:\Users\Shailin\workspace\Twitter\node_modules\express-session\package.json
10 verbose installManyTop reading scoped package data from C:\Users\Shailin\workspace\Twitter\node_modules\mysql\package.json
11 verbose installManyTop reading scoped package data from C:\Users\Shailin\workspace\Twitter\node_modules\npm-debug.log\package.json
12 verbose installManyTop reading scoped package data from C:\Users\Shailin\workspace\Twitter\node_modules\url\package.json
13 info package.json ejs@1.0.0 No license field.
14 info package.json url@0.10.1 url is also the name of a node core module.
15 info package.json url@0.10.1 No license field.
16 info package.json client-sessions@0.7.0 No license field.
17 verbose readDependencies loading dependencies from C:\Users\Shailin\workspace\Twitter\package.json
18 silly cache add args [ 'bcrypt', null ]
19 verbose cache add spec bcrypt
20 silly cache add parsed spec Result {
20 silly cache add   raw: 'bcrypt',
20 silly cache add   scope: null,
20 silly cache add   name: 'bcrypt',
20 silly cache add   rawSpec: '',
20 silly cache add   spec: 'latest',
20 silly cache add   type: 'tag' }
21 silly addNamed bcrypt@latest
22 verbose addNamed "latest" is being treated as a dist-tag for bcrypt
23 info addNameTag [ 'bcrypt', 'latest' ]
24 silly mapToRegistry name bcrypt
25 silly mapToRegistry using default registry
26 silly mapToRegistry registry https://registry.npmjs.org/
27 silly mapToRegistry uri https://registry.npmjs.org/bcrypt
28 verbose addNameTag registry:https://registry.npmjs.org/bcrypt not in flight; fetching
29 verbose request uri https://registry.npmjs.org/bcrypt
30 verbose request no auth needed
31 info attempt registry request try #1 at 3:42:52 PM
32 verbose request id 974ef3762e9a1d87
33 verbose etag "40ONOWXRRS3FHCQO5782NDLOU"
34 http request GET https://registry.npmjs.org/bcrypt
35 http 304 https://registry.npmjs.org/bcrypt
36 verbose headers { date: 'Fri, 18 Mar 2016 22:42:54 GMT',
36 verbose headers   via: '1.1 varnish',
36 verbose headers   'cache-control': 'max-age=300',
36 verbose headers   etag: '"40ONOWXRRS3FHCQO5782NDLOU"',
36 verbose headers   age: '254',
36 verbose headers   connection: 'keep-alive',
36 verbose headers   'x-served-by': 'cache-lax1422-LAX',
36 verbose headers   'x-cache': 'HIT',
36 verbose headers   'x-cache-hits': '1',
36 verbose headers   'x-timer': 'S1458340974.131731,VS0,VE0',
36 verbose headers   vary: 'Accept' }
37 silly get cb [ 304,
37 silly get   { date: 'Fri, 18 Mar 2016 22:42:54 GMT',
37 silly get     via: '1.1 varnish',
37 silly get     'cache-control': 'max-age=300',
37 silly get     etag: '"40ONOWXRRS3FHCQO5782NDLOU"',
37 silly get     age: '254',
37 silly get     connection: 'keep-alive',
37 silly get     'x-served-by': 'cache-lax1422-LAX',
37 silly get     'x-cache': 'HIT',
37 silly get     'x-cache-hits': '1',
37 silly get     'x-timer': 'S1458340974.131731,VS0,VE0',
37 silly get     vary: 'Accept' } ]
38 verbose etag https://registry.npmjs.org/bcrypt from cache
39 verbose get saving bcrypt to C:\Users\Shailin\AppData\Roaming\npm-cache\registry.npmjs.org\bcrypt\.cache.json
40 verbose correctMkdir C:\Users\Shailin\AppData\Roaming\npm-cache correctMkdir not in flight; initializing
41 silly addNameTag next cb for bcrypt with tag latest
42 silly addNamed bcrypt@0.8.5
43 verbose addNamed "0.8.5" is a plain semver version for bcrypt
44 silly cache afterAdd bcrypt@0.8.5
45 verbose afterAdd C:\Users\Shailin\AppData\Roaming\npm-cache\bcrypt\0.8.5\package\package.json not in flight; writing
46 verbose correctMkdir C:\Users\Shailin\AppData\Roaming\npm-cache correctMkdir not in flight; initializing
47 verbose afterAdd C:\Users\Shailin\AppData\Roaming\npm-cache\bcrypt\0.8.5\package\package.json written
48 silly install resolved [ { name: 'bcrypt',
48 silly install resolved     description: 'A bcrypt library for NodeJS.',
48 silly install resolved     keywords:
48 silly install resolved      [ 'bcrypt',
48 silly install resolved        'password',
48 silly install resolved        'auth',
48 silly install resolved        'authentication',
48 silly install resolved        'encryption',
48 silly install resolved        'crypt',
48 silly install resolved        'crypto' ],
48 silly install resolved     main: './bcrypt',
48 silly install resolved     version: '0.8.5',
48 silly install resolved     author: { name: 'Nick Campbell', url: 'https://github.com/ncb000gt' },
48 silly install resolved     engines: { node: '>= 0.6.0' },
48 silly install resolved     repository:
48 silly install resolved      { type: 'git',
48 silly install resolved        url: 'git+https://github.com/ncb000gt/node.bcrypt.js.git' },
48 silly install resolved     license: 'MIT',
48 silly install resolved     bugs: { url: 'https://github.com/ncb000gt/node.bcrypt.js/issues' },
48 silly install resolved     scripts:
48 silly install resolved      { test: 'node-gyp configure build && nodeunit test',
48 silly install resolved        install: 'node-gyp rebuild' },
48 silly install resolved     dependencies: { bindings: '1.2.1', nan: '2.0.5' },
48 silly install resolved     devDependencies: { nodeunit: '~0.9.1' },
48 silly install resolved     contributors:
48 silly install resolved      [ [Object],
48 silly install resolved        [Object],
48 silly install resolved        [Object],
48 silly install resolved        [Object],
48 silly install resolved        [Object],
48 silly install resolved        [Object],
48 silly install resolved        [Object],
48 silly install resolved        [Object],
48 silly install resolved        [Object],
48 silly install resolved        [Object],
48 silly install resolved        [Object],
48 silly install resolved        [Object],
48 silly install resolved        [Object],
48 silly install resolved        [Object] ],
48 silly install resolved     gypfile: true,
48 silly install resolved     gitHead: '5d97708f06754d7d7989c67ba867002d10013615',
48 silly install resolved     homepage: 'https://github.com/ncb000gt/node.bcrypt.js#readme',
48 silly install resolved     _id: 'bcrypt@0.8.5',
48 silly install resolved     _shasum: '8e5b81b4db80e944f440005979ca8d58a961861d',
48 silly install resolved     _from: 'bcrypt@latest',
48 silly install resolved     _npmVersion: '2.13.3',
48 silly install resolved     _nodeVersion: '3.0.0',
48 silly install resolved     _npmUser: { name: 'defunctzombie', email: 'shtylman@gmail.com' },
48 silly install resolved     dist:
48 silly install resolved      { shasum: '8e5b81b4db80e944f440005979ca8d58a961861d',
48 silly install resolved        tarball: 'http://registry.npmjs.org/bcrypt/-/bcrypt-0.8.5.tgz' },
48 silly install resolved     maintainers: [ [Object], [Object], [Object], [Object] ],
48 silly install resolved     directories: {},
48 silly install resolved     _resolved: 'https://registry.npmjs.org/bcrypt/-/bcrypt-0.8.5.tgz',
48 silly install resolved     readme: 'ERROR: No README data found!' } ]
49 info install bcrypt@0.8.5 into C:\Users\Shailin\workspace\Twitter
50 info installOne bcrypt@0.8.5
51 verbose installOne of bcrypt to C:\Users\Shailin\workspace\Twitter not in flight; installing
52 verbose correctMkdir C:\Users\Shailin\AppData\Roaming\npm-cache\_locks correctMkdir not in flight; initializing
53 verbose lock using C:\Users\Shailin\AppData\Roaming\npm-cache\_locks\bcrypt-92f1e15cd12b07ec.lock for C:\Users\Shailin\workspace\Twitter\node_modules\bcrypt
54 silly install write writing bcrypt 0.8.5 to C:\Users\Shailin\workspace\Twitter\node_modules\bcrypt
55 verbose unbuild node_modules\bcrypt
56 silly gentlyRm C:\Users\Shailin\workspace\Twitter\node_modules\bcrypt is being purged from base C:\Users\Shailin\workspace\Twitter
57 verbose gentlyRm don't care about contents; nuking C:\Users\Shailin\workspace\Twitter\node_modules\bcrypt
58 verbose tar unpack C:\Users\Shailin\AppData\Roaming\npm-cache\bcrypt\0.8.5\package.tgz
59 verbose tar unpacking to C:\Users\Shailin\workspace\Twitter\node_modules\bcrypt
60 silly gentlyRm C:\Users\Shailin\workspace\Twitter\node_modules\bcrypt is being purged
61 verbose gentlyRm don't care about contents; nuking C:\Users\Shailin\workspace\Twitter\node_modules\bcrypt
62 silly gunzTarPerm modes [ '777', '666' ]
63 silly gunzTarPerm extractEntry package.json
64 silly gunzTarPerm modified mode [ 'package.json', 420, 438 ]
65 silly gunzTarPerm extractEntry .npmignore
66 silly gunzTarPerm modified mode [ '.npmignore', 420, 438 ]
67 silly gunzTarPerm extractEntry README.md
68 silly gunzTarPerm modified mode [ 'README.md', 420, 438 ]
69 silly gunzTarPerm extractEntry LICENSE
70 silly gunzTarPerm modified mode [ 'LICENSE', 420, 438 ]
71 silly gunzTarPerm extractEntry bcrypt.js
72 silly gunzTarPerm modified mode [ 'bcrypt.js', 420, 438 ]
73 silly gunzTarPerm extractEntry binding.gyp
74 silly gunzTarPerm modified mode [ 'binding.gyp', 420, 438 ]
75 silly gunzTarPerm extractEntry .travis.yml
76 silly gunzTarPerm modified mode [ '.travis.yml', 420, 438 ]
77 silly gunzTarPerm extractEntry CHANGELOG.md
78 silly gunzTarPerm modified mode [ 'CHANGELOG.md', 420, 438 ]
79 silly gunzTarPerm extractEntry examples/async_compare.js
80 silly gunzTarPerm modified mode [ 'examples/async_compare.js', 420, 438 ]
81 silly gunzTarPerm extractEntry examples/forever_gen_salt.js
82 silly gunzTarPerm modified mode [ 'examples/forever_gen_salt.js', 420, 438 ]
83 silly gunzTarPerm extractEntry test/async.js
84 silly gunzTarPerm modified mode [ 'test/async.js', 420, 438 ]
85 silly gunzTarPerm extractEntry test/repetitions.js
86 silly gunzTarPerm modified mode [ 'test/repetitions.js', 420, 438 ]
87 silly gunzTarPerm extractEntry test/sync.js
88 silly gunzTarPerm modified mode [ 'test/sync.js', 420, 438 ]
89 silly gunzTarPerm extractEntry Makefile
90 silly gunzTarPerm modified mode [ 'Makefile', 420, 438 ]
91 silly gunzTarPerm extractEntry src/bcrypt.cc
92 silly gunzTarPerm modified mode [ 'src/bcrypt.cc', 420, 438 ]
93 silly gunzTarPerm extractEntry src/bcrypt_node.cc
94 silly gunzTarPerm modified mode [ 'src/bcrypt_node.cc', 420, 438 ]
95 silly gunzTarPerm extractEntry src/blowfish.cc
96 silly gunzTarPerm modified mode [ 'src/blowfish.cc', 420, 438 ]
97 silly gunzTarPerm extractEntry src/node_blf.h
98 silly gunzTarPerm modified mode [ 'src/node_blf.h', 420, 438 ]
99 silly gunzTarPerm extractEntry werker.yml
100 silly gunzTarPerm modified mode [ 'werker.yml', 420, 438 ]
101 verbose write writing to C:\Users\Shailin\workspace\Twitter\node_modules\bcrypt\package.json
102 info preinstall bcrypt@0.8.5
103 verbose readDependencies loading dependencies from C:\Users\Shailin\workspace\Twitter\node_modules\bcrypt\package.json
104 silly prepareForInstallMany adding bindings@1.2.1 from bcrypt dependencies
105 silly prepareForInstallMany adding nan@2.0.5 from bcrypt dependencies
106 verbose readDependencies loading dependencies from C:\Users\Shailin\workspace\Twitter\node_modules\bcrypt\package.json
107 silly cache add args [ 'bindings@1.2.1', null ]
108 verbose cache add spec bindings@1.2.1
109 silly cache add parsed spec Result {
109 silly cache add   raw: 'bindings@1.2.1',
109 silly cache add   scope: null,
109 silly cache add   name: 'bindings',
109 silly cache add   rawSpec: '1.2.1',
109 silly cache add   spec: '1.2.1',
109 silly cache add   type: 'version' }
110 silly addNamed bindings@1.2.1
111 verbose addNamed "1.2.1" is a plain semver version for bindings
112 silly mapToRegistry name bindings
113 silly mapToRegistry using default registry
114 silly mapToRegistry registry https://registry.npmjs.org/
115 silly mapToRegistry uri https://registry.npmjs.org/bindings
116 verbose addNameVersion registry:https://registry.npmjs.org/bindings not in flight; fetching
117 silly cache add args [ 'nan@2.0.5', null ]
118 verbose cache add spec nan@2.0.5
119 silly cache add parsed spec Result {
119 silly cache add   raw: 'nan@2.0.5',
119 silly cache add   scope: null,
119 silly cache add   name: 'nan',
119 silly cache add   rawSpec: '2.0.5',
119 silly cache add   spec: '2.0.5',
119 silly cache add   type: 'version' }
120 silly addNamed nan@2.0.5
121 verbose addNamed "2.0.5" is a plain semver version for nan
122 silly mapToRegistry name nan
123 silly mapToRegistry using default registry
124 silly mapToRegistry registry https://registry.npmjs.org/
125 silly mapToRegistry uri https://registry.npmjs.org/nan
126 verbose addNameVersion registry:https://registry.npmjs.org/nan not in flight; fetching
127 verbose request uri https://registry.npmjs.org/bindings
128 verbose request no auth needed
129 info attempt registry request try #1 at 3:42:53 PM
130 verbose etag "1LLBF9OH58DLBEL4629U6032D"
131 http request GET https://registry.npmjs.org/bindings
132 verbose request uri https://registry.npmjs.org/nan
133 verbose request no auth needed
134 info attempt registry request try #1 at 3:42:53 PM
135 verbose etag "9GNMF0K57Y4H80QS1L4U9QND9"
136 http request GET https://registry.npmjs.org/nan
137 http 304 https://registry.npmjs.org/bindings
138 verbose headers { date: 'Fri, 18 Mar 2016 22:42:54 GMT',
138 verbose headers   via: '1.1 varnish',
138 verbose headers   'cache-control': 'max-age=300',
138 verbose headers   etag: '"1LLBF9OH58DLBEL4629U6032D"',
138 verbose headers   age: '60',
138 verbose headers   connection: 'keep-alive',
138 verbose headers   'x-served-by': 'cache-lax1421-LAX',
138 verbose headers   'x-cache': 'HIT',
138 verbose headers   'x-cache-hits': '2',
138 verbose headers   'x-timer': 'S1458340974.885020,VS0,VE0',
138 verbose headers   vary: 'Accept' }
139 silly get cb [ 304,
139 silly get   { date: 'Fri, 18 Mar 2016 22:42:54 GMT',
139 silly get     via: '1.1 varnish',
139 silly get     'cache-control': 'max-age=300',
139 silly get     etag: '"1LLBF9OH58DLBEL4629U6032D"',
139 silly get     age: '60',
139 silly get     connection: 'keep-alive',
139 silly get     'x-served-by': 'cache-lax1421-LAX',
139 silly get     'x-cache': 'HIT',
139 silly get     'x-cache-hits': '2',
139 silly get     'x-timer': 'S1458340974.885020,VS0,VE0',
139 silly get     vary: 'Accept' } ]
140 verbose etag https://registry.npmjs.org/bindings from cache
141 verbose get saving bindings to C:\Users\Shailin\AppData\Roaming\npm-cache\registry.npmjs.org\bindings\.cache.json
142 verbose correctMkdir C:\Users\Shailin\AppData\Roaming\npm-cache correctMkdir not in flight; initializing
143 silly cache afterAdd bindings@1.2.1
144 verbose afterAdd C:\Users\Shailin\AppData\Roaming\npm-cache\bindings\1.2.1\package\package.json not in flight; writing
145 verbose correctMkdir C:\Users\Shailin\AppData\Roaming\npm-cache correctMkdir not in flight; initializing
146 verbose afterAdd C:\Users\Shailin\AppData\Roaming\npm-cache\bindings\1.2.1\package\package.json written
147 http 304 https://registry.npmjs.org/nan
148 verbose headers { date: 'Fri, 18 Mar 2016 22:42:54 GMT',
148 verbose headers   via: '1.1 varnish',
148 verbose headers   'cache-control': 'max-age=300',
148 verbose headers   etag: '"9GNMF0K57Y4H80QS1L4U9QND9"',
148 verbose headers   age: '74',
148 verbose headers   connection: 'keep-alive',
148 verbose headers   'x-served-by': 'cache-lax1430-LAX',
148 verbose headers   'x-cache': 'HIT',
148 verbose headers   'x-cache-hits': '8',
148 verbose headers   'x-timer': 'S1458340974.924606,VS0,VE0',
148 verbose headers   vary: 'Accept' }
149 silly get cb [ 304,
149 silly get   { date: 'Fri, 18 Mar 2016 22:42:54 GMT',
149 silly get     via: '1.1 varnish',
149 silly get     'cache-control': 'max-age=300',
149 silly get     etag: '"9GNMF0K57Y4H80QS1L4U9QND9"',
149 silly get     age: '74',
149 silly get     connection: 'keep-alive',
149 silly get     'x-served-by': 'cache-lax1430-LAX',
149 silly get     'x-cache': 'HIT',
149 silly get     'x-cache-hits': '8',
149 silly get     'x-timer': 'S1458340974.924606,VS0,VE0',
149 silly get     vary: 'Accept' } ]
150 verbose etag https://registry.npmjs.org/nan from cache
151 verbose get saving nan to C:\Users\Shailin\AppData\Roaming\npm-cache\registry.npmjs.org\nan\.cache.json
152 verbose correctMkdir C:\Users\Shailin\AppData\Roaming\npm-cache correctMkdir not in flight; initializing
153 silly cache afterAdd nan@2.0.5
154 verbose afterAdd C:\Users\Shailin\AppData\Roaming\npm-cache\nan\2.0.5\package\package.json not in flight; writing
155 verbose correctMkdir C:\Users\Shailin\AppData\Roaming\npm-cache correctMkdir not in flight; initializing
156 verbose afterAdd C:\Users\Shailin\AppData\Roaming\npm-cache\nan\2.0.5\package\package.json written
157 silly install resolved [ { name: 'bindings',
157 silly install resolved     description: 'Helper module for loading your native module\'s .node file',
157 silly install resolved     keywords: [ 'native', 'addon', 'bindings', 'gyp', 'waf', 'c', 'c++' ],
157 silly install resolved     version: '1.2.1',
157 silly install resolved     author:
157 silly install resolved      { name: 'Nathan Rajlich',
157 silly install resolved        email: 'nathan@tootallnate.net',
157 silly install resolved        url: 'http://tootallnate.net' },
157 silly install resolved     repository:
157 silly install resolved      { type: 'git',
157 silly install resolved        url: 'git://github.com/TooTallNate/node-bindings.git' },
157 silly install resolved     main: './bindings.js',
157 silly install resolved     bugs: { url: 'https://github.com/TooTallNate/node-bindings/issues' },
157 silly install resolved     homepage: 'https://github.com/TooTallNate/node-bindings',
157 silly install resolved     license: 'MIT',
157 silly install resolved     gitHead: 'e404152ee27f8478ccbc7122ee051246e8e5ec02',
157 silly install resolved     _id: 'bindings@1.2.1',
157 silly install resolved     scripts: {},
157 silly install resolved     _shasum: '14ad6113812d2d37d72e67b4cacb4bb726505f11',
157 silly install resolved     _from: 'bindings@1.2.1',
157 silly install resolved     _npmVersion: '1.4.14',
157 silly install resolved     _npmUser: { name: 'tootallnate', email: 'nathan@tootallnate.net' },
157 silly install resolved     maintainers: [ [Object], [Object] ],
157 silly install resolved     dist:
157 silly install resolved      { shasum: '14ad6113812d2d37d72e67b4cacb4bb726505f11',
157 silly install resolved        tarball: 'http://registry.npmjs.org/bindings/-/bindings-1.2.1.tgz' },
157 silly install resolved     directories: {},
157 silly install resolved     _resolved: 'https://registry.npmjs.org/bindings/-/bindings-1.2.1.tgz',
157 silly install resolved     readme: 'ERROR: No README data found!' },
157 silly install resolved   { name: 'nan',
157 silly install resolved     version: '2.0.5',
157 silly install resolved     description: 'Native Abstractions for Node.js: C++ header for Node 0.8->0.12 compatibility',
157 silly install resolved     main: 'include_dirs.js',
157 silly install resolved     repository: { type: 'git', url: 'git://github.com/nodejs/nan.git' },
157 silly install resolved     scripts:
157 silly install resolved      { test: 'tap --gc test/js/*-test.js',
157 silly install resolved        'rebuild-tests': 'pangyp rebuild --msvs_version=2013 --directory test',
157 silly install resolved        docs: 'doc/.build.sh' },
157 silly install resolved     contributors:
157 silly install resolved      [ [Object],
157 silly install resolved        [Object],
157 silly install resolved        [Object],
157 silly install resolved        [Object],
157 silly install resolved        [Object],
157 silly install resolved        [Object],
157 silly install resolved        [Object] ],
157 silly install resolved     devDependencies:
157 silly install resolved      { bindings: '~1.2.1',
157 silly install resolved        'node-gyp': '~2.0.2',
157 silly install resolved        pangyp: '~2.2.0',
157 silly install resolved        tap: '~0.7.1',
157 silly install resolved        xtend: '~4.0.0' },
157 silly install resolved     license: 'MIT',
157 silly install resolved     gitHead: 'd13a2e9ce762fd130877b53c71d35963fa2cf689',
157 silly install resolved     bugs: { url: 'https://github.com/nodejs/nan/issues' },
157 silly install resolved     homepage: 'https://github.com/nodejs/nan#readme',
157 silly install resolved     _id: 'nan@2.0.5',
157 silly install resolved     _shasum: '365888014be1fd178db0cbfa258edf7b0cb1c408',
157 silly install resolved     _from: 'nan@2.0.5',
157 silly install resolved     _npmVersion: '2.13.3',
157 silly install resolved     _nodeVersion: '3.0.0',
157 silly install resolved     _npmUser: { name: 'kkoopa', email: 'bbyholm@abo.fi' },
157 silly install resolved     maintainers: [ [Object], [Object] ],
157 silly install resolved     dist:
157 silly install resolved      { shasum: '365888014be1fd178db0cbfa258edf7b0cb1c408',
157 silly install resolved        tarball: 'http://registry.npmjs.org/nan/-/nan-2.0.5.tgz' },
157 silly install resolved     directories: {},
157 silly install resolved     _resolved: 'https://registry.npmjs.org/nan/-/nan-2.0.5.tgz',
157 silly install resolved     readme: 'ERROR: No README data found!' } ]
158 info install bindings@1.2.1 into C:\Users\Shailin\workspace\Twitter\node_modules\bcrypt
159 info install nan@2.0.5 into C:\Users\Shailin\workspace\Twitter\node_modules\bcrypt
160 info installOne bindings@1.2.1
161 verbose installOne of bindings to C:\Users\Shailin\workspace\Twitter\node_modules\bcrypt not in flight; installing
162 verbose correctMkdir C:\Users\Shailin\AppData\Roaming\npm-cache\_locks correctMkdir not in flight; initializing
163 info installOne nan@2.0.5
164 verbose installOne of nan to C:\Users\Shailin\workspace\Twitter\node_modules\bcrypt not in flight; installing
165 verbose correctMkdir C:\Users\Shailin\AppData\Roaming\npm-cache\_locks correctMkdir not in flight; initializing
166 verbose lock using C:\Users\Shailin\AppData\Roaming\npm-cache\_locks\bindings-448bd9e35d16573a.lock for C:\Users\Shailin\workspace\Twitter\node_modules\bcrypt\node_modules\bindings
167 verbose lock using C:\Users\Shailin\AppData\Roaming\npm-cache\_locks\nan-b95a0d574d575866.lock for C:\Users\Shailin\workspace\Twitter\node_modules\bcrypt\node_modules\nan
168 silly install write writing bindings 1.2.1 to C:\Users\Shailin\workspace\Twitter\node_modules\bcrypt\node_modules\bindings
169 silly install write writing nan 2.0.5 to C:\Users\Shailin\workspace\Twitter\node_modules\bcrypt\node_modules\nan
170 verbose unbuild node_modules\bcrypt\node_modules\bindings
171 verbose unbuild node_modules\bcrypt\node_modules\nan
172 silly gentlyRm C:\Users\Shailin\workspace\Twitter\node_modules\bcrypt\node_modules\bindings is being purged from base C:\Users\Shailin\workspace\Twitter
173 verbose gentlyRm don't care about contents; nuking C:\Users\Shailin\workspace\Twitter\node_modules\bcrypt\node_modules\bindings
174 verbose tar unpack C:\Users\Shailin\AppData\Roaming\npm-cache\bindings\1.2.1\package.tgz
175 verbose tar unpacking to C:\Users\Shailin\workspace\Twitter\node_modules\bcrypt\node_modules\bindings
176 silly gentlyRm C:\Users\Shailin\workspace\Twitter\node_modules\bcrypt\node_modules\bindings is being purged
177 verbose gentlyRm don't care about contents; nuking C:\Users\Shailin\workspace\Twitter\node_modules\bcrypt\node_modules\bindings
178 silly gentlyRm C:\Users\Shailin\workspace\Twitter\node_modules\bcrypt\node_modules\nan is being purged from base C:\Users\Shailin\workspace\Twitter
179 verbose gentlyRm don't care about contents; nuking C:\Users\Shailin\workspace\Twitter\node_modules\bcrypt\node_modules\nan
180 silly gunzTarPerm modes [ '777', '666' ]
181 verbose tar unpack C:\Users\Shailin\AppData\Roaming\npm-cache\nan\2.0.5\package.tgz
182 verbose tar unpacking to C:\Users\Shailin\workspace\Twitter\node_modules\bcrypt\node_modules\nan
183 silly gentlyRm C:\Users\Shailin\workspace\Twitter\node_modules\bcrypt\node_modules\nan is being purged
184 verbose gentlyRm don't care about contents; nuking C:\Users\Shailin\workspace\Twitter\node_modules\bcrypt\node_modules\nan
185 silly gunzTarPerm modes [ '777', '666' ]
186 silly gunzTarPerm extractEntry package.json
187 silly gunzTarPerm modified mode [ 'package.json', 420, 438 ]
188 silly gunzTarPerm extractEntry package.json
189 silly gunzTarPerm modified mode [ 'package.json', 436, 438 ]
190 silly gunzTarPerm extractEntry README.md
191 silly gunzTarPerm modified mode [ 'README.md', 420, 438 ]
192 silly gunzTarPerm extractEntry bindings.js
193 silly gunzTarPerm modified mode [ 'bindings.js', 420, 438 ]
194 silly gunzTarPerm extractEntry README.md
195 silly gunzTarPerm modified mode [ 'README.md', 436, 438 ]
196 silly gunzTarPerm extractEntry include_dirs.js
197 silly gunzTarPerm modified mode [ 'include_dirs.js', 436, 438 ]
198 silly gunzTarPerm extractEntry nan_converters.h
199 silly gunzTarPerm modified mode [ 'nan_converters.h', 436, 438 ]
200 silly gunzTarPerm extractEntry LICENSE.md
201 silly gunzTarPerm modified mode [ 'LICENSE.md', 436, 438 ]
202 silly gunzTarPerm extractEntry .dntrc
203 silly gunzTarPerm modified mode [ '.dntrc', 436, 438 ]
204 silly gunzTarPerm extractEntry appveyor.yml
205 silly gunzTarPerm modified mode [ 'appveyor.yml', 436, 438 ]
206 silly gunzTarPerm extractEntry doc/new.md
207 silly gunzTarPerm modified mode [ 'doc/new.md', 436, 438 ]
208 silly gunzTarPerm extractEntry doc/.build.sh
209 silly gunzTarPerm modified mode [ 'doc/.build.sh', 509, 511 ]
210 silly gunzTarPerm extractEntry doc/buffers.md
211 silly gunzTarPerm modified mode [ 'doc/buffers.md', 436, 438 ]
212 silly gunzTarPerm extractEntry doc/callback.md
213 silly gunzTarPerm modified mode [ 'doc/callback.md', 436, 438 ]
214 silly gunzTarPerm extractEntry doc/converters.md
215 silly gunzTarPerm modified mode [ 'doc/converters.md', 436, 438 ]
216 silly gunzTarPerm extractEntry doc/errors.md
217 silly gunzTarPerm modified mode [ 'doc/errors.md', 436, 438 ]
218 verbose write writing to C:\Users\Shailin\workspace\Twitter\node_modules\bcrypt\node_modules\bindings\package.json
219 silly gunzTarPerm extractEntry doc/maybe_types.md
220 silly gunzTarPerm modified mode [ 'doc/maybe_types.md', 436, 438 ]
221 silly gunzTarPerm extractEntry doc/methods.md
222 silly gunzTarPerm modified mode [ 'doc/methods.md', 436, 438 ]
223 info preinstall bindings@1.2.1
224 verbose readDependencies loading dependencies from C:\Users\Shailin\workspace\Twitter\node_modules\bcrypt\node_modules\bindings\package.json
225 silly gunzTarPerm extractEntry doc/asyncworker.md
226 silly gunzTarPerm modified mode [ 'doc/asyncworker.md', 436, 438 ]
227 silly gunzTarPerm extractEntry doc/node_misc.md
228 silly gunzTarPerm modified mode [ 'doc/node_misc.md', 436, 438 ]
229 verbose readDependencies loading dependencies from C:\Users\Shailin\workspace\Twitter\node_modules\bcrypt\node_modules\bindings\package.json
230 silly gunzTarPerm extractEntry doc/persistent.md
231 silly gunzTarPerm modified mode [ 'doc/persistent.md', 436, 438 ]
232 silly gunzTarPerm extractEntry doc/scopes.md
233 silly gunzTarPerm modified mode [ 'doc/scopes.md', 436, 438 ]
234 silly install resolved []
235 verbose about to build C:\Users\Shailin\workspace\Twitter\node_modules\bcrypt\node_modules\bindings
236 info build C:\Users\Shailin\workspace\Twitter\node_modules\bcrypt\node_modules\bindings
237 info linkStuff bindings@1.2.1
238 silly linkStuff bindings@1.2.1 has C:\Users\Shailin\workspace\Twitter\node_modules\bcrypt\node_modules as its parent node_modules
239 verbose linkBins bindings@1.2.1
240 verbose linkMans bindings@1.2.1
241 verbose rebuildBundles bindings@1.2.1
242 info install bindings@1.2.1
243 silly gunzTarPerm extractEntry doc/script.md
244 silly gunzTarPerm modified mode [ 'doc/script.md', 436, 438 ]
245 silly gunzTarPerm extractEntry doc/string_bytes.md
246 silly gunzTarPerm modified mode [ 'doc/string_bytes.md', 436, 438 ]
247 info postinstall bindings@1.2.1
248 verbose unlock done using C:\Users\Shailin\AppData\Roaming\npm-cache\_locks\bindings-448bd9e35d16573a.lock for C:\Users\Shailin\workspace\Twitter\node_modules\bcrypt\node_modules\bindings
249 silly gunzTarPerm extractEntry doc/v8_internals.md
250 silly gunzTarPerm modified mode [ 'doc/v8_internals.md', 436, 438 ]
251 silly gunzTarPerm extractEntry doc/v8_misc.md
252 silly gunzTarPerm modified mode [ 'doc/v8_misc.md', 436, 438 ]
253 silly gunzTarPerm extractEntry nan.h
254 silly gunzTarPerm modified mode [ 'nan.h', 436, 438 ]
255 silly gunzTarPerm extractEntry nan_callbacks.h
256 silly gunzTarPerm modified mode [ 'nan_callbacks.h', 436, 438 ]
257 silly gunzTarPerm extractEntry nan_callbacks_12_inl.h
258 silly gunzTarPerm modified mode [ 'nan_callbacks_12_inl.h', 436, 438 ]
259 silly gunzTarPerm extractEntry nan_callbacks_pre_12_inl.h
260 silly gunzTarPerm modified mode [ 'nan_callbacks_pre_12_inl.h', 436, 438 ]
261 silly gunzTarPerm extractEntry nan_converters_43_inl.h
262 silly gunzTarPerm modified mode [ 'nan_converters_43_inl.h', 436, 438 ]
263 silly gunzTarPerm extractEntry nan_converters_pre_43_inl.h
264 silly gunzTarPerm modified mode [ 'nan_converters_pre_43_inl.h', 436, 438 ]
265 silly gunzTarPerm extractEntry nan_implementation_12_inl.h
266 silly gunzTarPerm modified mode [ 'nan_implementation_12_inl.h', 436, 438 ]
267 silly gunzTarPerm extractEntry nan_implementation_pre_12_inl.h
268 silly gunzTarPerm modified mode [ 'nan_implementation_pre_12_inl.h', 436, 438 ]
269 silly gunzTarPerm extractEntry nan_maybe_43_inl.h
270 silly gunzTarPerm modified mode [ 'nan_maybe_43_inl.h', 436, 438 ]
271 silly gunzTarPerm extractEntry nan_maybe_pre_43_inl.h
272 silly gunzTarPerm modified mode [ 'nan_maybe_pre_43_inl.h', 436, 438 ]
273 silly gunzTarPerm extractEntry nan_new.h
274 silly gunzTarPerm modified mode [ 'nan_new.h', 436, 438 ]
275 silly gunzTarPerm extractEntry nan_object_wrap.h
276 silly gunzTarPerm modified mode [ 'nan_object_wrap.h', 436, 438 ]
277 silly gunzTarPerm extractEntry nan_persistent_12_inl.h
278 silly gunzTarPerm modified mode [ 'nan_persistent_12_inl.h', 436, 438 ]
279 silly gunzTarPerm extractEntry nan_persistent_pre_12_inl.h
280 silly gunzTarPerm modified mode [ 'nan_persistent_pre_12_inl.h', 436, 438 ]
281 silly gunzTarPerm extractEntry nan_string_bytes.h
282 silly gunzTarPerm modified mode [ 'nan_string_bytes.h', 436, 438 ]
283 silly gunzTarPerm extractEntry nan_weak.h
284 silly gunzTarPerm modified mode [ 'nan_weak.h', 436, 438 ]
285 silly gunzTarPerm extractEntry CHANGELOG.md
286 silly gunzTarPerm modified mode [ 'CHANGELOG.md', 436, 438 ]
287 silly gunzTarPerm extractEntry tools/package.json
288 silly gunzTarPerm modified mode [ 'tools/package.json', 436, 438 ]
289 silly gunzTarPerm extractEntry tools/README.md
290 silly gunzTarPerm modified mode [ 'tools/README.md', 436, 438 ]
291 silly gunzTarPerm extractEntry tools/1to2.js
292 silly gunzTarPerm modified mode [ 'tools/1to2.js', 509, 511 ]
293 verbose write writing to C:\Users\Shailin\workspace\Twitter\node_modules\bcrypt\node_modules\nan\package.json
294 info preinstall nan@2.0.5
295 verbose readDependencies loading dependencies from C:\Users\Shailin\workspace\Twitter\node_modules\bcrypt\node_modules\nan\package.json
296 verbose readDependencies loading dependencies from C:\Users\Shailin\workspace\Twitter\node_modules\bcrypt\node_modules\nan\package.json
297 silly install resolved []
298 verbose about to build C:\Users\Shailin\workspace\Twitter\node_modules\bcrypt\node_modules\nan
299 info build C:\Users\Shailin\workspace\Twitter\node_modules\bcrypt\node_modules\nan
300 info linkStuff nan@2.0.5
301 silly linkStuff nan@2.0.5 has C:\Users\Shailin\workspace\Twitter\node_modules\bcrypt\node_modules as its parent node_modules
302 verbose linkBins nan@2.0.5
303 verbose linkMans nan@2.0.5
304 verbose rebuildBundles nan@2.0.5
305 info install nan@2.0.5
306 info postinstall nan@2.0.5
307 verbose unlock done using C:\Users\Shailin\AppData\Roaming\npm-cache\_locks\nan-b95a0d574d575866.lock for C:\Users\Shailin\workspace\Twitter\node_modules\bcrypt\node_modules\nan
308 verbose about to build C:\Users\Shailin\workspace\Twitter\node_modules\bcrypt
309 info build C:\Users\Shailin\workspace\Twitter\node_modules\bcrypt
310 info linkStuff bcrypt@0.8.5
311 silly linkStuff bcrypt@0.8.5 has C:\Users\Shailin\workspace\Twitter\node_modules as its parent node_modules
312 verbose linkBins bcrypt@0.8.5
313 verbose linkMans bcrypt@0.8.5
314 verbose rebuildBundles bcrypt@0.8.5
315 verbose rebuildBundles [ 'bindings', 'nan' ]
316 info install bcrypt@0.8.5
317 verbose unsafe-perm in lifecycle true
318 info bcrypt@0.8.5 Failed to exec install script
319 verbose unlock done using C:\Users\Shailin\AppData\Roaming\npm-cache\_locks\bcrypt-92f1e15cd12b07ec.lock for C:\Users\Shailin\workspace\Twitter\node_modules\bcrypt
320 verbose stack Error: bcrypt@0.8.5 install: `node-gyp rebuild`
320 verbose stack Exit status 1
320 verbose stack     at EventEmitter.<anonymous> (C:\Program Files\nodejs\node_modules\npm\lib\utils\lifecycle.js:214:16)
320 verbose stack     at emitTwo (events.js:87:13)
320 verbose stack     at EventEmitter.emit (events.js:172:7)
320 verbose stack     at ChildProcess.<anonymous> (C:\Program Files\nodejs\node_modules\npm\lib\utils\spawn.js:24:14)
320 verbose stack     at emitTwo (events.js:87:13)
320 verbose stack     at ChildProcess.emit (events.js:172:7)
320 verbose stack     at maybeClose (internal/child_process.js:827:16)
320 verbose stack     at Process.ChildProcess._handle.onexit (internal/child_process.js:211:5)
321 verbose pkgid bcrypt@0.8.5
322 verbose cwd C:\Users\Shailin\workspace\Twitter
323 error Windows_NT 6.1.7601
324 error argv "C:\\Program Files\\nodejs\\node.exe" "C:\\Program Files\\nodejs\\node_modules\\npm\\bin\\npm-cli.js" "install" "bcrypt"
325 error node v4.4.0
326 error npm  v2.14.20
327 error code ELIFECYCLE
328 error bcrypt@0.8.5 install: `node-gyp rebuild`
328 error Exit status 1
329 error Failed at the bcrypt@0.8.5 install script 'node-gyp rebuild'.
329 error This is most likely a problem with the bcrypt package,
329 error not with npm itself.
329 error Tell the author that this fails on your system:
329 error     node-gyp rebuild
329 error You can get information on how to open an issue for this project with:
329 error     npm bugs bcrypt
329 error Or if that isn't available, you can get their info via:
329 error
329 error     npm owner ls bcrypt
329 error There is likely additional logging output above.
330 verbose exit [ 1, true ]
331 verbose unbuild node_modules\bcrypt
332 info preuninstall bcrypt@0.8.5
333 info uninstall bcrypt@0.8.5
334 verbose unbuild rmStuff bcrypt@0.8.5 from C:\Users\Shailin\workspace\Twitter\node_modules
335 info postuninstall bcrypt@0.8.5
336 silly gentlyRm C:\Users\Shailin\workspace\Twitter\node_modules\bcrypt is being purged from base C:\Users\Shailin\workspace\Twitter
337 verbose gentlyRm don't care about contents; nuking C:\Users\Shailin\workspace\Twitter\node_modules\bcrypt
338 silly vacuum-fs purging C:\Users\Shailin\workspace\Twitter\node_modules\bcrypt
339 silly vacuum-fs quitting because other entries in C:\Users\Shailin\workspace\Twitter\node_modules
